2020-03-20 14:32:59.995  INFO 40664 --- [restartedMain] c.p.s.AdModuleSpringBootWebAdminAuth     : Starting AdModuleSpringBootWebAdminAuth on Charlies-MBP.home with PID 40664 (started by Charlie in /Users/Charlie/Documents/Programming/Per Scholas/ClassroomGitRepository/ADModule_SpringBoot_WebAdminAuth/ADModule_SpringBoot_WebAdminAuth)
2020-03-20 14:32:59.996  INFO 40664 --- [restartedMain] c.p.s.AdModuleSpringBootWebAdminAuth     : No active profile set, falling back to default profiles: default
2020-03-20 14:33:00.227  INFO 40664 --- [restartedMain] .s.d.r.c.RepositoryConfigurationDelegate : Bootstrapping Spring Data JPA repositories in DEFAULT mode.
2020-03-20 14:33:00.246  INFO 40664 --- [restartedMain] .s.d.r.c.RepositoryConfigurationDelegate : Finished Spring Data repository scanning in 18ms. Found 3 JPA repository interfaces.
2020-03-20 14:33:00.408  INFO 40664 --- [restartedMain] o.s.b.w.embedded.tomcat.TomcatWebServer  : Tomcat initialized with port(s): 8080 (http)
2020-03-20 14:33:00.410  INFO 40664 --- [restartedMain] o.apache.catalina.core.StandardService   : Starting service [Tomcat]
2020-03-20 14:33:00.410  INFO 40664 --- [restartedMain] org.apache.catalina.core.StandardEngine  : Starting Servlet engine: [Apache Tomcat/9.0.31]
2020-03-20 14:33:00.502  INFO 40664 --- [restartedMain] org.apache.jasper.servlet.TldScanner     : At least one JAR was scanned for TLDs yet contained no TLDs. Enable debug logging for this logger for a complete list of JARs that were scanned but no TLDs were found in them. Skipping unneeded JARs during scanning can improve startup time and JSP compilation time.
2020-03-20 14:33:00.505  INFO 40664 --- [restartedMain] o.a.c.c.C.[Tomcat].[localhost].[/]       : Initializing Spring embedded WebApplicationContext
2020-03-20 14:33:00.505  INFO 40664 --- [restartedMain] o.s.web.context.ContextLoader            : Root WebApplicationContext: initialization completed in 504 ms
2020-03-20 14:33:00.585  INFO 40664 --- [restartedMain] o.hibernate.jpa.internal.util.LogHelper  : HHH000204: Processing PersistenceUnitInfo [name: default]
2020-03-20 14:33:00.589  INFO 40664 --- [restartedMain] com.zaxxer.hikari.HikariDataSource       : HikariPool-2 - Starting...
2020-03-20 14:33:00.595  INFO 40664 --- [restartedMain] com.zaxxer.hikari.HikariDataSource       : HikariPool-2 - Start completed.
2020-03-20 14:33:00.596  INFO 40664 --- [restartedMain] org.hibernate.dialect.Dialect            : HHH000400: Using dialect: org.hibernate.dialect.MySQL55Dialect
2020-03-20 14:33:00.718  INFO 40664 --- [restartedMain] o.h.e.t.j.p.i.JtaPlatformInitiator       : HHH000490: Using JtaPlatform implementation: [org.hibernate.engine.transaction.jta.platform.internal.NoJtaPlatform]
2020-03-20 14:33:00.723  INFO 40664 --- [restartedMain] j.LocalContainerEntityManagerFactoryBean : Initialized JPA EntityManagerFactory for persistence unit 'default'
2020-03-20 14:33:00.743  INFO 40664 --- [restartedMain] o.s.b.d.a.OptionalLiveReloadServer       : LiveReload server is running on port 35729
2020-03-20 14:33:00.891  WARN 40664 --- [restartedMain] JpaBaseConfiguration$JpaWebConfiguration : spring.jpa.open-in-view is enabled by default. Therefore, database queries may be performed during view rendering. Explicitly configure spring.jpa.open-in-view to disable this warning
2020-03-20 14:33:00.934  INFO 40664 --- [restartedMain] o.s.s.concurrent.ThreadPoolTaskExecutor  : Initializing ExecutorService 'applicationTaskExecutor'
2020-03-20 14:33:01.041  INFO 40664 --- [restartedMain] o.s.b.w.embedded.tomcat.TomcatWebServer  : Tomcat started on port(s): 8080 (http) with context path ''
2020-03-20 14:33:01.042  INFO 40664 --- [restartedMain] c.p.s.AdModuleSpringBootWebAdminAuth     : Started AdModuleSpringBootWebAdminAuth in 1.116 seconds (JVM running for 314.029)
2020-03-20 14:33:01.044  INFO 40664 --- [restartedMain] .ConditionEvaluationDeltaLoggingListener : Condition evaluation unchanged
2020-03-20 14:33:07.493  INFO 40664 --- [Thread-9] o.s.s.concurrent.ThreadPoolTaskExecutor  : Shutting down ExecutorService 'applicationTaskExecutor'
2020-03-20 14:33:07.495  INFO 40664 --- [Thread-9] j.LocalContainerEntityManagerFactoryBean : Closing JPA EntityManagerFactory for persistence unit 'default'
2020-03-20 14:33:07.496  INFO 40664 --- [Thread-9] com.zaxxer.hikari.HikariDataSource       : HikariPool-2 - Shutdown initiated...
2020-03-20 14:33:07.501  INFO 40664 --- [Thread-9] com.zaxxer.hikari.HikariDataSource       : HikariPool-2 - Shutdown completed.
2020-03-20 14:33:07.818  INFO 40664 --- [restartedMain] c.p.s.AdModuleSpringBootWebAdminAuth     : Starting AdModuleSpringBootWebAdminAuth on Charlies-MBP.home with PID 40664 (started by Charlie in /Users/Charlie/Documents/Programming/Per Scholas/ClassroomGitRepository/ADModule_SpringBoot_WebAdminAuth/ADModule_SpringBoot_WebAdminAuth)
2020-03-20 14:33:07.819  INFO 40664 --- [restartedMain] c.p.s.AdModuleSpringBootWebAdminAuth     : No active profile set, falling back to default profiles: default
2020-03-20 14:33:08.036  INFO 40664 --- [restartedMain] .s.d.r.c.RepositoryConfigurationDelegate : Bootstrapping Spring Data JPA repositories in DEFAULT mode.
2020-03-20 14:33:08.055  INFO 40664 --- [restartedMain] .s.d.r.c.RepositoryConfigurationDelegate : Finished Spring Data repository scanning in 18ms. Found 3 JPA repository interfaces.
2020-03-20 14:33:08.194  INFO 40664 --- [restartedMain] o.s.b.w.embedded.tomcat.TomcatWebServer  : Tomcat initialized with port(s): 8080 (http)
2020-03-20 14:33:08.195  INFO 40664 --- [restartedMain] o.apache.catalina.core.StandardService   : Starting service [Tomcat]
2020-03-20 14:33:08.195  INFO 40664 --- [restartedMain] org.apache.catalina.core.StandardEngine  : Starting Servlet engine: [Apache Tomcat/9.0.31]
2020-03-20 14:33:08.285  INFO 40664 --- [restartedMain] org.apache.jasper.servlet.TldScanner     : At least one JAR was scanned for TLDs yet contained no TLDs. Enable debug logging for this logger for a complete list of JARs that were scanned but no TLDs were found in them. Skipping unneeded JARs during scanning can improve startup time and JSP compilation time.
2020-03-20 14:33:08.287  INFO 40664 --- [restartedMain] o.a.c.c.C.[Tomcat].[localhost].[/]       : Initializing Spring embedded WebApplicationContext
2020-03-20 14:33:08.287  INFO 40664 --- [restartedMain] o.s.web.context.ContextLoader            : Root WebApplicationContext: initialization completed in 463 ms
2020-03-20 14:33:08.347  INFO 40664 --- [restartedMain] o.hibernate.jpa.internal.util.LogHelper  : HHH000204: Processing PersistenceUnitInfo [name: default]
2020-03-20 14:33:08.357  INFO 40664 --- [restartedMain] com.zaxxer.hikari.HikariDataSource       : HikariPool-3 - Starting...
2020-03-20 14:33:08.364  INFO 40664 --- [restartedMain] com.zaxxer.hikari.HikariDataSource       : HikariPool-3 - Start completed.
2020-03-20 14:33:08.364  INFO 40664 --- [restartedMain] org.hibernate.dialect.Dialect            : HHH000400: Using dialect: org.hibernate.dialect.MySQL55Dialect
2020-03-20 14:33:08.488  INFO 40664 --- [restartedMain] o.h.e.t.j.p.i.JtaPlatformInitiator       : HHH000490: Using JtaPlatform implementation: [org.hibernate.engine.transaction.jta.platform.internal.NoJtaPlatform]
2020-03-20 14:33:08.491  INFO 40664 --- [restartedMain] j.LocalContainerEntityManagerFactoryBean : Initialized JPA EntityManagerFactory for persistence unit 'default'
2020-03-20 14:33:08.510  INFO 40664 --- [restartedMain] o.s.b.d.a.OptionalLiveReloadServer       : LiveReload server is running on port 35729
2020-03-20 14:33:08.677  WARN 40664 --- [restartedMain] JpaBaseConfiguration$JpaWebConfiguration : spring.jpa.open-in-view is enabled by default. Therefore, database queries may be performed during view rendering. Explicitly configure spring.jpa.open-in-view to disable this warning
2020-03-20 14:33:08.729  INFO 40664 --- [restartedMain] o.s.s.concurrent.ThreadPoolTaskExecutor  : Initializing ExecutorService 'applicationTaskExecutor'
2020-03-20 14:33:08.826  INFO 40664 --- [restartedMain] o.s.b.w.embedded.tomcat.TomcatWebServer  : Tomcat started on port(s): 8080 (http) with context path ''
2020-03-20 14:33:08.826  INFO 40664 --- [restartedMain] c.p.s.AdModuleSpringBootWebAdminAuth     : Started AdModuleSpringBootWebAdminAuth in 1.096 seconds (JVM running for 321.814)
2020-03-20 14:33:08.828  INFO 40664 --- [restartedMain] .ConditionEvaluationDeltaLoggingListener : Condition evaluation unchanged
2020-03-20 14:33:33.416  INFO 40664 --- [Thread-14] o.s.s.concurrent.ThreadPoolTaskExecutor  : Shutting down ExecutorService 'applicationTaskExecutor'
2020-03-20 14:33:33.418  INFO 40664 --- [Thread-14] j.LocalContainerEntityManagerFactoryBean : Closing JPA EntityManagerFactory for persistence unit 'default'
2020-03-20 14:33:33.420  INFO 40664 --- [Thread-14] com.zaxxer.hikari.HikariDataSource       : HikariPool-3 - Shutdown initiated...
2020-03-20 14:33:33.424  INFO 40664 --- [Thread-14] com.zaxxer.hikari.HikariDataSource       : HikariPool-3 - Shutdown completed.
